<?xml version="1.0" encoding="UTF-8"?>
<testsuite xmlns:xsi="http://www.w3.org/2001/XMLSchema-instance" xsi:schemaLocation="https://maven.apache.org/surefire/maven-surefire-plugin/xsd/surefire-test-report.xsd" name="org.hyperledger.fabric.sdk.helper.UtilsTest" time="0.113" tests="28" errors="0" skipped="1" failures="0">
  <properties>
[...]
</properties>
  <testcase name="testCombinePaths" classname="org.hyperledger.fabric.sdk.helper.UtilsTest" time="0.006"/>
  <testcase name="testLogString" classname="org.hyperledger.fabric.sdk.helper.UtilsTest" time="0.003"/>
  <testcase name="testGenerateTarGzEmptyDirectory" classname="org.hyperledger.fabric.sdk.helper.UtilsTest" time="0.029"/>
  <testcase name="testToHexStringNull" classname="org.hyperledger.fabric.sdk.helper.UtilsTest" time="0"/>
  <testcase name="testGenerateUUID" classname="org.hyperledger.fabric.sdk.helper.UtilsTest" time="0.001"/>
  <testcase name="testReadFileFromClasspathNoFile" classname="org.hyperledger.fabric.sdk.helper.UtilsTest" time="0">
    <skipped/>
  </testcase>
  <testcase name="testGenerateDirectoryHashNoDirectory" classname="org.hyperledger.fabric.sdk.helper.UtilsTest" time="0"/>
  <testcase name="testGenerateParameterHash" classname="org.hyperledger.fabric.sdk.helper.UtilsTest" time="0.006"/>
  <testcase name="testHash" classname="org.hyperledger.fabric.sdk.helper.UtilsTest" time="0.001"/>
  <testcase name="testDeleteFileOrDirectoryDirectory" classname="org.hyperledger.fabric.sdk.helper.UtilsTest" time="0.018"/>
  <testcase name="testDeleteFileOrDirectoryFile" classname="org.hyperledger.fabric.sdk.helper.UtilsTest" time="0.001"/>
  <testcase name="testGenerateDirectoryHashWithFile" classname="org.hyperledger.fabric.sdk.helper.UtilsTest" time="0.001"/>
  <testcase name="testGenerateNonce" classname="org.hyperledger.fabric.sdk.helper.UtilsTest" time="0"/>
  <testcase name="testGenerateTarGz" classname="org.hyperledger.fabric.sdk.helper.UtilsTest" time="0.01"/>
  <testcase name="testParseGrpcUrl" classname="org.hyperledger.fabric.sdk.helper.UtilsTest" time="0.001"/>
  <testcase name="testGenerateDirectoryHash" classname="org.hyperledger.fabric.sdk.helper.UtilsTest" time="0.006"/>
  <testcase name="testReadFile" classname="org.hyperledger.fabric.sdk.helper.UtilsTest" time="0.002"/>
  <testcase name="testReadFileFromClasspath" classname="org.hyperledger.fabric.sdk.helper.UtilsTest" time="0.01"/>
  <testcase name="testGenerateDirectoryHashWithRootDir" classname="org.hyperledger.fabric.sdk.helper.UtilsTest" time="0.003"/>
  <testcase name="testGenerateTimestamp" classname="org.hyperledger.fabric.sdk.helper.UtilsTest" time="0.002"/>
  <testcase name="testGenerateDirectoryHashEmptyDirectory" classname="org.hyperledger.fabric.sdk.helper.UtilsTest" time="0.001"/>
  <testcase name="testCheckGrpcUrlInvalid" classname="org.hyperledger.fabric.sdk.helper.UtilsTest" time="0.001"/>
  <testcase name="testIsNullOrEmpty" classname="org.hyperledger.fabric.sdk.helper.UtilsTest" time="0"/>
  <testcase name="testCheckGrpcUrlValid" classname="org.hyperledger.fabric.sdk.helper.UtilsTest" time="0.001"/>
  <testcase name="testToHexString" classname="org.hyperledger.fabric.sdk.helper.UtilsTest" time="0"/>
  <testcase name="testReadFileNoFile" classname="org.hyperledger.fabric.sdk.helper.UtilsTest" time="0.001"/>
  <testcase name="testGenerateDirectoryHashWithPrevHash" classname="org.hyperledger.fabric.sdk.helper.UtilsTest" time="0.002"/>
  <testcase name="testGenerateTarGzNoDirectory" classname="org.hyperledger.fabric.sdk.helper.UtilsTest" time="0.001"/>
</testsuite>