<?xml version="1.0" encoding="UTF-8"?>
<testsuite xmlns:xsi="http://www.w3.org/2001/XMLSchema-instance" xsi:schemaLocation="https://maven.apache.org/surefire/maven-surefire-plugin/xsd/surefire-test-report.xsd" name="org.hyperledger.fabric.sdk.PeerTest" time="3.081" tests="8" errors="0" skipped="0" failures="0">
  <properties>
[...]
</properties>
  <testcase name="testSendNullProposal" classname="org.hyperledger.fabric.sdk.PeerTest" time="0"/>
  <testcase name="testSendAsyncNullProposal" classname="org.hyperledger.fabric.sdk.PeerTest" time="0"/>
  <testcase name="testSetNullName" classname="org.hyperledger.fabric.sdk.PeerTest" time="0"/>
  <testcase name="testSendNullChannel" classname="org.hyperledger.fabric.sdk.PeerTest" time="3.05"/>
  <testcase name="testGetName" classname="org.hyperledger.fabric.sdk.PeerTest" time="0"/>
  <testcase name="testSetEmptyName" classname="org.hyperledger.fabric.sdk.PeerTest" time="0"/>
  <testcase name="testBadURL" classname="org.hyperledger.fabric.sdk.PeerTest" time="0"/>
  <testcase name="testDuplicateChannel" classname="org.hyperledger.fabric.sdk.PeerTest" time="0"/>
</testsuite>