<?xml version="1.0" encoding="UTF-8"?>
<testsuite xmlns:xsi="http://www.w3.org/2001/XMLSchema-instance" xsi:schemaLocation="https://maven.apache.org/surefire/maven-surefire-plugin/xsd/surefire-test-report.xsd" name="org.hyperledger.fabric_ca.sdk.HFCAClientTest" time="3.199" tests="31" errors="0" skipped="0" failures="0">
  <properties>
[...]
</properties>
  <testcase name="testRevoke2NullUser" classname="org.hyperledger.fabric_ca.sdk.HFCAClientTest" time="0.015"/>
  <testcase name="testEnrollmentEmptyUser" classname="org.hyperledger.fabric_ca.sdk.HFCAClientTest" time="0.016"/>
  <testcase name="testNewInstanceNoUrlHost" classname="org.hyperledger.fabric_ca.sdk.HFCAClientTest" time="0"/>
  <testcase name="testEnrollmentEmptySecret" classname="org.hyperledger.fabric_ca.sdk.HFCAClientTest" time="0"/>
  <testcase name="testRegisterEnrollmentIdNull" classname="org.hyperledger.fabric_ca.sdk.HFCAClientTest" time="0.016"/>
  <testcase name="testReenrollNullEnrollment" classname="org.hyperledger.fabric_ca.sdk.HFCAClientTest" time="0"/>
  <testcase name="testNewInstanceEmptyUrl" classname="org.hyperledger.fabric_ca.sdk.HFCAClientTest" time="0.015"/>
  <testcase name="testNewInstanceNullUrl" classname="org.hyperledger.fabric_ca.sdk.HFCAClientTest" time="0"/>
  <testcase name="testRegisterNoServerResponseNoPemFile" classname="org.hyperledger.fabric_ca.sdk.HFCAClientTest" time="0.016"/>
  <testcase name="testRevoke2NullEnrollment" classname="org.hyperledger.fabric_ca.sdk.HFCAClientTest" time="0"/>
  <testcase name="testEnrollmentNoServerResponse" classname="org.hyperledger.fabric_ca.sdk.HFCAClientTest" time="2.949"/>
  <testcase name="testRevoke1Exception" classname="org.hyperledger.fabric_ca.sdk.HFCAClientTest" time="0"/>
  <testcase name="testSetCryptoSuite" classname="org.hyperledger.fabric_ca.sdk.HFCAClientTest" time="0"/>
  <testcase name="testNewInstanceWithNameAndProperties" classname="org.hyperledger.fabric_ca.sdk.HFCAClientTest" time="0.016"/>
  <testcase name="testEnrollmentNoKeyPair" classname="org.hyperledger.fabric_ca.sdk.HFCAClientTest" time="0.046"/>
  <testcase name="testRegisterNoServerResponseAllHostNames" classname="org.hyperledger.fabric_ca.sdk.HFCAClientTest" time="0.016"/>
  <testcase name="testEnrollmentNullUser" classname="org.hyperledger.fabric_ca.sdk.HFCAClientTest" time="0"/>
  <testcase name="testRegisterNoServerResponse" classname="org.hyperledger.fabric_ca.sdk.HFCAClientTest" time="0.016"/>
  <testcase name="testRevoke1NullUser" classname="org.hyperledger.fabric_ca.sdk.HFCAClientTest" time="0.015"/>
  <testcase name="testNewInstanceNullName" classname="org.hyperledger.fabric_ca.sdk.HFCAClientTest" time="0"/>
  <testcase name="testEnrollmentNullSecret" classname="org.hyperledger.fabric_ca.sdk.HFCAClientTest" time="0"/>
  <testcase name="testNewInstanceBadUrlProto" classname="org.hyperledger.fabric_ca.sdk.HFCAClientTest" time="0.016"/>
  <testcase name="testNewInstanceBadUrlQuery" classname="org.hyperledger.fabric_ca.sdk.HFCAClientTest" time="0.016"/>
  <testcase name="testNewInstanceBadUrlPath" classname="org.hyperledger.fabric_ca.sdk.HFCAClientTest" time="0"/>
  <testcase name="testNewInstanceEmptyName" classname="org.hyperledger.fabric_ca.sdk.HFCAClientTest" time="0"/>
  <testcase name="testNewInstanceWithName" classname="org.hyperledger.fabric_ca.sdk.HFCAClientTest" time="0.015"/>
  <testcase name="testRegisterEnrollmentIdEmpty" classname="org.hyperledger.fabric_ca.sdk.HFCAClientTest" time="0"/>
  <testcase name="testNewInstance" classname="org.hyperledger.fabric_ca.sdk.HFCAClientTest" time="0"/>
  <testcase name="testRevoke1NullEnrollment" classname="org.hyperledger.fabric_ca.sdk.HFCAClientTest" time="0"/>
  <testcase name="testReenrollNullUser" classname="org.hyperledger.fabric_ca.sdk.HFCAClientTest" time="0.016"/>
  <testcase name="testRegisterNullRegistrar" classname="org.hyperledger.fabric_ca.sdk.HFCAClientTest" time="0"/>
</testsuite>