-------------------------------------------------------------------------------
Test set: org.hyperledger.fabric.sdkintegration.IntegrationSuite
-------------------------------------------------------------------------------
Tests run: 18, Failures: 3, Errors: 0, Skipped: 2, Time elapsed: 8.246 sec <<< FAILURE! - in org.hyperledger.fabric.sdkintegration.IntegrationSuite
setup(org.hyperledger.fabric.sdkintegration.End2endIT)  Time elapsed: 1.547 sec  <<< FAILURE!
java.lang.AssertionError: Url:http://172.21.0.14:8054, Failed to enroll user admin 
	at org.hyperledger.fabric.sdkintegration.End2endIT.setup(End2endIT.java:238)

setup(org.hyperledger.fabric.sdkintegration.End2endAndBackAgainIT)  Time elapsed: 0.677 sec  <<< FAILURE!
java.lang.AssertionError: 
Failed exception message is Sending proposal to peer0.org1.example.com failed because of: gRPC failure=Status{code=INTERNAL, description=null, cause=io.netty.handler.codec.http2.Http2Exception: First received frame was not SETTINGS. Hex dump for first 5 bytes: 1503010002
	at io.netty.handler.codec.http2.Http2Exception.connectionError(Http2Exception.java:85)
	at io.netty.handler.codec.http2.Http2ConnectionHandler$PrefaceDecoder.verifyFirstFrameIsSettings(Http2ConnectionHandler.java:320)
	at io.netty.handler.codec.http2.Http2ConnectionHandler$PrefaceDecoder.decode(Http2ConnectionHandler.java:221)
	at io.netty.handler.codec.http2.Http2ConnectionHandler.decode(Http2ConnectionHandler.java:413)
	at io.netty.handler.codec.ByteToMessageDecoder.decodeRemovalReentryProtection(ByteToMessageDecoder.java:489)
	at io.netty.handler.codec.ByteToMessageDecoder.callDecode(ByteToMessageDecoder.java:428)
	at io.netty.handler.codec.ByteToMessageDecoder.channelRead(ByteToMessageDecoder.java:265)
	at io.netty.channel.AbstractChannelHandlerContext.invokeChannelRead(AbstractChannelHandlerContext.java:362)
	at io.netty.channel.AbstractChannelHandlerContext.invokeChannelRead(AbstractChannelHandlerContext.java:348)
	at io.netty.channel.AbstractChannelHandlerContext.fireChannelRead(AbstractChannelHandlerContext.java:340)
	at io.netty.channel.DefaultChannelPipeline$HeadContext.channelRead(DefaultChannelPipeline.java:1334)
	at io.netty.channel.AbstractChannelHandlerContext.invokeChannelRead(AbstractChannelHandlerContext.java:362)
	at io.netty.channel.AbstractChannelHandlerContext.invokeChannelRead(AbstractChannelHandlerContext.java:348)
	at io.netty.channel.DefaultChannelPipeline.fireChannelRead(DefaultChannelPipeline.java:926)
	at io.netty.channel.nio.AbstractNioByteChannel$NioByteUnsafe.read(AbstractNioByteChannel.java:134)
	at io.netty.channel.nio.NioEventLoop.processSelectedKey(NioEventLoop.java:644)
	at io.netty.channel.nio.NioEventLoop.processSelectedKeysOptimized(NioEventLoop.java:579)
	at io.netty.channel.nio.NioEventLoop.processSelectedKeys(NioEventLoop.java:496)
	at io.netty.channel.nio.NioEventLoop.run(NioEventLoop.java:458)
	at io.netty.util.concurrent.SingleThreadEventExecutor$5.run(SingleThreadEventExecutor.java:858)
	at io.netty.util.concurrent.DefaultThreadFactory$DefaultRunnableDecorator.run(DefaultThreadFactory.java:138)
	at java.lang.Thread.run(Thread.java:748)
}, status is 500
	at org.hyperledger.fabric.sdkintegration.End2endAndBackAgainIT.setup(End2endAndBackAgainIT.java:177)

setup(org.hyperledger.fabric.sdkintegration.UpdateChannelIT)  Time elapsed: 0.022 sec  <<< FAILURE!
java.lang.AssertionError: 
Failed exception message is Sending proposal to peer0.org1.example.com failed because of: gRPC failure=Status{code=INTERNAL, description=null, cause=io.netty.handler.codec.http2.Http2Exception: First received frame was not SETTINGS. Hex dump for first 5 bytes: 1503010002
	at io.netty.handler.codec.http2.Http2Exception.connectionError(Http2Exception.java:85)
	at io.netty.handler.codec.http2.Http2ConnectionHandler$PrefaceDecoder.verifyFirstFrameIsSettings(Http2ConnectionHandler.java:320)
	at io.netty.handler.codec.http2.Http2ConnectionHandler$PrefaceDecoder.decode(Http2ConnectionHandler.java:221)
	at io.netty.handler.codec.http2.Http2ConnectionHandler.decode(Http2ConnectionHandler.java:413)
	at io.netty.handler.codec.ByteToMessageDecoder.decodeRemovalReentryProtection(ByteToMessageDecoder.java:489)
	at io.netty.handler.codec.ByteToMessageDecoder.callDecode(ByteToMessageDecoder.java:428)
	at io.netty.handler.codec.ByteToMessageDecoder.channelRead(ByteToMessageDecoder.java:265)
	at io.netty.channel.AbstractChannelHandlerContext.invokeChannelRead(AbstractChannelHandlerContext.java:362)
	at io.netty.channel.AbstractChannelHandlerContext.invokeChannelRead(AbstractChannelHandlerContext.java:348)
	at io.netty.channel.AbstractChannelHandlerContext.fireChannelRead(AbstractChannelHandlerContext.java:340)
	at io.netty.channel.DefaultChannelPipeline$HeadContext.channelRead(DefaultChannelPipeline.java:1334)
	at io.netty.channel.AbstractChannelHandlerContext.invokeChannelRead(AbstractChannelHandlerContext.java:362)
	at io.netty.channel.AbstractChannelHandlerContext.invokeChannelRead(AbstractChannelHandlerContext.java:348)
	at io.netty.channel.DefaultChannelPipeline.fireChannelRead(DefaultChannelPipeline.java:926)
	at io.netty.channel.nio.AbstractNioByteChannel$NioByteUnsafe.read(AbstractNioByteChannel.java:134)
	at io.netty.channel.nio.NioEventLoop.processSelectedKey(NioEventLoop.java:644)
	at io.netty.channel.nio.NioEventLoop.processSelectedKeysOptimized(NioEventLoop.java:579)
	at io.netty.channel.nio.NioEventLoop.processSelectedKeys(NioEventLoop.java:496)
	at io.netty.channel.nio.NioEventLoop.run(NioEventLoop.java:458)
	at io.netty.util.concurrent.SingleThreadEventExecutor$5.run(SingleThreadEventExecutor.java:858)
	at io.netty.util.concurrent.DefaultThreadFactory$DefaultRunnableDecorator.run(DefaultThreadFactory.java:138)
	at java.lang.Thread.run(Thread.java:748)
}, status is 500
	at org.hyperledger.fabric.sdkintegration.UpdateChannelIT.setup(UpdateChannelIT.java:228)

